{"C:\\Users\\pierr\\Desktop\\gestion\\back\\app.js": {"path":"C:\\Users\\pierr\\Desktop\\gestion\\back\\app.js","statementMap":{"0":{"start":{"line":7,"column":0},"end":{"line":7,"column":16}},"1":{"start":{"line":9,"column":11},"end":{"line":9,"column":21}},"2":{"start":{"line":12,"column":0},"end":{"line":12,"column":24}},"3":{"start":{"line":13,"column":0},"end":{"line":13,"column":16}},"4":{"start":{"line":16,"column":0},"end":{"line":16,"column":27}}},"fnMap":{},"branchMap":{},"s":{"0":1,"1":1,"2":1,"3":1,"4":1},"f":{},"b":{},"meta":{"lastBranch":0,"lastFunction":0,"lastStatement":5,"seen":{"s:7:0:7:16":0,"s:9:11:9:21":1,"s:12:0:12:24":2,"s:13:0:13:16":3,"s:16:0:16:27":4}}}
,"C:\\Users\\pierr\\Desktop\\gestion\\back\\config\\db.js": {"path":"C:\\Users\\pierr\\Desktop\\gestion\\back\\config\\db.js","statementMap":{"0":{"start":{"line":4,"column":0},"end":{"line":4,"column":16}},"1":{"start":{"line":6,"column":18},"end":{"line":11,"column":2}},"2":{"start":{"line":13,"column":0},"end":{"line":13,"column":25}},"3":{"start":{"line":14,"column":0},"end":{"line":18,"column":1}},"4":{"start":{"line":15,"column":4},"end":{"line":15,"column":31}},"5":{"start":{"line":17,"column":4},"end":{"line":17,"column":40}}},"fnMap":{},"branchMap":{},"s":{"0":2,"1":2,"2":2,"3":2,"4":2,"5":0},"f":{},"b":{},"meta":{"lastBranch":0,"lastFunction":0,"lastStatement":6,"seen":{"s:4:0:4:16":0,"s:6:18:11:2":1,"s:13:0:13:25":2,"s:14:0:18:1":3,"s:15:4:15:31":4,"s:17:4:17:40":5}}}
,"C:\\Users\\pierr\\Desktop\\gestion\\back\\controllers\\usersController.js": {"path":"C:\\Users\\pierr\\Desktop\\gestion\\back\\controllers\\usersController.js","statementMap":{"0":{"start":{"line":7,"column":0},"end":{"line":7,"column":16}},"1":{"start":{"line":9,"column":24},"end":{"line":17,"column":1}},"2":{"start":{"line":10,"column":4},"end":{"line":16,"column":5}},"3":{"start":{"line":11,"column":22},"end":{"line":11,"column":49}},"4":{"start":{"line":12,"column":8},"end":{"line":12,"column":36}},"5":{"start":{"line":14,"column":8},"end":{"line":14,"column":29}},"6":{"start":{"line":15,"column":8},"end":{"line":15,"column":65}},"7":{"start":{"line":19,"column":23},"end":{"line":36,"column":1}},"8":{"start":{"line":21,"column":45},"end":{"line":21,"column":53}},"9":{"start":{"line":23,"column":4},"end":{"line":23,"column":45}},"10":{"start":{"line":25,"column":4},"end":{"line":35,"column":5}},"11":{"start":{"line":27,"column":29},"end":{"line":27,"column":58}},"12":{"start":{"line":28,"column":8},"end":{"line":28,"column":34}},"13":{"start":{"line":29,"column":26},"end":{"line":29,"column":84}},"14":{"start":{"line":30,"column":8},"end":{"line":30,"column":72}},"15":{"start":{"line":33,"column":8},"end":{"line":33,"column":29}},"16":{"start":{"line":34,"column":8},"end":{"line":34,"column":65}},"17":{"start":{"line":38,"column":26},"end":{"line":49,"column":1}},"18":{"start":{"line":39,"column":15},"end":{"line":39,"column":28}},"19":{"start":{"line":41,"column":4},"end":{"line":48,"column":5}},"20":{"start":{"line":42,"column":28},"end":{"line":42,"column":59}},"21":{"start":{"line":43,"column":8},"end":{"line":43,"column":78}},"22":{"start":{"line":46,"column":8},"end":{"line":46,"column":29}},"23":{"start":{"line":47,"column":8},"end":{"line":47,"column":65}},"24":{"start":{"line":51,"column":26},"end":{"line":66,"column":1}},"25":{"start":{"line":53,"column":15},"end":{"line":53,"column":28}},"26":{"start":{"line":54,"column":51},"end":{"line":54,"column":59}},"27":{"start":{"line":56,"column":4},"end":{"line":65,"column":5}},"28":{"start":{"line":58,"column":29},"end":{"line":58,"column":58}},"29":{"start":{"line":59,"column":28},"end":{"line":59,"column":99}},"30":{"start":{"line":60,"column":8},"end":{"line":60,"column":80}},"31":{"start":{"line":63,"column":8},"end":{"line":63,"column":29}},"32":{"start":{"line":64,"column":8},"end":{"line":64,"column":65}},"33":{"start":{"line":68,"column":27},"end":{"line":78,"column":1}},"34":{"start":{"line":69,"column":15},"end":{"line":69,"column":28}},"35":{"start":{"line":71,"column":4},"end":{"line":77,"column":5}},"36":{"start":{"line":72,"column":21},"end":{"line":72,"column":53}},"37":{"start":{"line":73,"column":8},"end":{"line":73,"column":35}},"38":{"start":{"line":75,"column":8},"end":{"line":75,"column":29}},"39":{"start":{"line":76,"column":8},"end":{"line":76,"column":65}},"40":{"start":{"line":80,"column":25},"end":{"line":114,"column":1}},"41":{"start":{"line":82,"column":32},"end":{"line":82,"column":40}},"42":{"start":{"line":84,"column":4},"end":{"line":84,"column":33}},"43":{"start":{"line":86,"column":4},"end":{"line":113,"column":5}},"44":{"start":{"line":89,"column":21},"end":{"line":89,"column":54}},"45":{"start":{"line":92,"column":8},"end":{"line":92,"column":38}},"46":{"start":{"line":95,"column":30},"end":{"line":95,"column":76}},"47":{"start":{"line":98,"column":8},"end":{"line":108,"column":9}},"48":{"start":{"line":101,"column":26},"end":{"line":101,"column":111}},"49":{"start":{"line":104,"column":12},"end":{"line":104,"column":80}},"50":{"start":{"line":107,"column":12},"end":{"line":107,"column":76}},"51":{"start":{"line":111,"column":8},"end":{"line":111,"column":29}},"52":{"start":{"line":112,"column":8},"end":{"line":112,"column":65}}},"fnMap":{"0":{"name":"(anonymous_0)","decl":{"start":{"line":9,"column":24},"end":{"line":9,"column":29}},"loc":{"start":{"line":9,"column":44},"end":{"line":17,"column":1}},"line":9},"1":{"name":"(anonymous_1)","decl":{"start":{"line":19,"column":23},"end":{"line":19,"column":28}},"loc":{"start":{"line":19,"column":43},"end":{"line":36,"column":1}},"line":19},"2":{"name":"(anonymous_2)","decl":{"start":{"line":38,"column":26},"end":{"line":38,"column":31}},"loc":{"start":{"line":38,"column":45},"end":{"line":49,"column":1}},"line":38},"3":{"name":"(anonymous_3)","decl":{"start":{"line":51,"column":26},"end":{"line":51,"column":31}},"loc":{"start":{"line":51,"column":46},"end":{"line":66,"column":1}},"line":51},"4":{"name":"(anonymous_4)","decl":{"start":{"line":68,"column":27},"end":{"line":68,"column":32}},"loc":{"start":{"line":68,"column":47},"end":{"line":78,"column":1}},"line":68},"5":{"name":"(anonymous_5)","decl":{"start":{"line":80,"column":25},"end":{"line":80,"column":30}},"loc":{"start":{"line":80,"column":45},"end":{"line":114,"column":1}},"line":80}},"branchMap":{"0":{"loc":{"start":{"line":98,"column":8},"end":{"line":108,"column":9}},"type":"if","locations":[{"start":{"line":98,"column":8},"end":{"line":108,"column":9}},{"start":{"line":105,"column":15},"end":{"line":108,"column":9}}],"line":98}},"s":{"0":1,"1":1,"2":0,"3":0,"4":0,"5":0,"6":0,"7":1,"8":0,"9":0,"10":0,"11":0,"12":0,"13":0,"14":0,"15":0,"16":0,"17":1,"18":0,"19":0,"20":0,"21":0,"22":0,"23":0,"24":1,"25":0,"26":0,"27":0,"28":0,"29":0,"30":0,"31":0,"32":0,"33":1,"34":0,"35":0,"36":0,"37":0,"38":0,"39":0,"40":1,"41":2,"42":2,"43":2,"44":2,"45":2,"46":2,"47":2,"48":1,"49":1,"50":1,"51":0,"52":0},"f":{"0":0,"1":0,"2":0,"3":0,"4":0,"5":2},"b":{"0":[1,1]},"meta":{"lastBranch":1,"lastFunction":6,"lastStatement":53,"seen":{"s:7:0:7:16":0,"s:9:24:17:1":1,"f:9:24:9:29":0,"s:10:4:16:5":2,"s:11:22:11:49":3,"s:12:8:12:36":4,"s:14:8:14:29":5,"s:15:8:15:65":6,"s:19:23:36:1":7,"f:19:23:19:28":1,"s:21:45:21:53":8,"s:23:4:23:45":9,"s:25:4:35:5":10,"s:27:29:27:58":11,"s:28:8:28:34":12,"s:29:26:29:84":13,"s:30:8:30:72":14,"s:33:8:33:29":15,"s:34:8:34:65":16,"s:38:26:49:1":17,"f:38:26:38:31":2,"s:39:15:39:28":18,"s:41:4:48:5":19,"s:42:28:42:59":20,"s:43:8:43:78":21,"s:46:8:46:29":22,"s:47:8:47:65":23,"s:51:26:66:1":24,"f:51:26:51:31":3,"s:53:15:53:28":25,"s:54:51:54:59":26,"s:56:4:65:5":27,"s:58:29:58:58":28,"s:59:28:59:99":29,"s:60:8:60:80":30,"s:63:8:63:29":31,"s:64:8:64:65":32,"s:68:27:78:1":33,"f:68:27:68:32":4,"s:69:15:69:28":34,"s:71:4:77:5":35,"s:72:21:72:53":36,"s:73:8:73:35":37,"s:75:8:75:29":38,"s:76:8:76:65":39,"s:80:25:114:1":40,"f:80:25:80:30":5,"s:82:32:82:40":41,"s:84:4:84:33":42,"s:86:4:113:5":43,"s:89:21:89:54":44,"s:92:8:92:38":45,"s:95:30:95:76":46,"b:98:8:108:9:105:15:108:9":0,"s:98:8:108:9":47,"s:101:26:101:111":48,"s:104:12:104:80":49,"s:107:12:107:76":50,"s:111:8:111:29":51,"s:112:8:112:65":52}}}
,"C:\\Users\\pierr\\Desktop\\gestion\\back\\middlewares\\checkToken.js": {"path":"C:\\Users\\pierr\\Desktop\\gestion\\back\\middlewares\\checkToken.js","statementMap":{"0":{"start":{"line":5,"column":0},"end":{"line":5,"column":16}},"1":{"start":{"line":7,"column":19},"end":{"line":27,"column":1}},"2":{"start":{"line":10,"column":18},"end":{"line":10,"column":60}},"3":{"start":{"line":12,"column":4},"end":{"line":12,"column":45}},"4":{"start":{"line":14,"column":4},"end":{"line":16,"column":5}},"5":{"start":{"line":15,"column":8},"end":{"line":15,"column":65}},"6":{"start":{"line":18,"column":4},"end":{"line":26,"column":5}},"7":{"start":{"line":20,"column":28},"end":{"line":20,"column":65}},"8":{"start":{"line":21,"column":8},"end":{"line":21,"column":31}},"9":{"start":{"line":22,"column":8},"end":{"line":22,"column":15}},"10":{"start":{"line":25,"column":8},"end":{"line":25,"column":66}}},"fnMap":{"0":{"name":"(anonymous_0)","decl":{"start":{"line":7,"column":19},"end":{"line":7,"column":20}},"loc":{"start":{"line":7,"column":39},"end":{"line":27,"column":1}},"line":7}},"branchMap":{"0":{"loc":{"start":{"line":14,"column":4},"end":{"line":16,"column":5}},"type":"if","locations":[{"start":{"line":14,"column":4},"end":{"line":16,"column":5}},{"start":{},"end":{}}],"line":14}},"s":{"0":1,"1":1,"2":0,"3":0,"4":0,"5":0,"6":0,"7":0,"8":0,"9":0,"10":0},"f":{"0":0},"b":{"0":[0,0]},"meta":{"lastBranch":1,"lastFunction":1,"lastStatement":11,"seen":{"s:5:0:5:16":0,"s:7:19:27:1":1,"f:7:19:7:20":0,"s:10:18:10:60":2,"s:12:4:12:45":3,"b:14:4:16:5:undefined:undefined:undefined:undefined":0,"s:14:4:16:5":4,"s:15:8:15:65":5,"s:18:4:26:5":6,"s:20:28:20:65":7,"s:21:8:21:31":8,"s:22:8:22:15":9,"s:25:8:25:66":10}}}
,"C:\\Users\\pierr\\Desktop\\gestion\\back\\models\\usersModel.js": {"path":"C:\\Users\\pierr\\Desktop\\gestion\\back\\models\\usersModel.js","statementMap":{"0":{"start":{"line":3,"column":24},"end":{"line":7,"column":1}},"1":{"start":{"line":4,"column":19},"end":{"line":4,"column":67}},"2":{"start":{"line":5,"column":22},"end":{"line":5,"column":51}},"3":{"start":{"line":6,"column":4},"end":{"line":6,"column":19}},"4":{"start":{"line":9,"column":23},"end":{"line":13,"column":1}},"5":{"start":{"line":10,"column":19},"end":{"line":10,"column":89}},"6":{"start":{"line":11,"column":21},"end":{"line":11,"column":82}},"7":{"start":{"line":12,"column":4},"end":{"line":12,"column":18}},"8":{"start":{"line":15,"column":26},"end":{"line":19,"column":1}},"9":{"start":{"line":16,"column":20},"end":{"line":16,"column":52}},"10":{"start":{"line":17,"column":21},"end":{"line":17,"column":57}},"11":{"start":{"line":18,"column":4},"end":{"line":18,"column":18}},"12":{"start":{"line":21,"column":26},"end":{"line":25,"column":1}},"13":{"start":{"line":22,"column":19},"end":{"line":22,"column":105}},"14":{"start":{"line":23,"column":21},"end":{"line":23,"column":92}},"15":{"start":{"line":24,"column":4},"end":{"line":24,"column":18}},"16":{"start":{"line":27,"column":27},"end":{"line":31,"column":1}},"17":{"start":{"line":28,"column":19},"end":{"line":28,"column":80}},"18":{"start":{"line":29,"column":22},"end":{"line":29,"column":57}},"19":{"start":{"line":30,"column":4},"end":{"line":30,"column":19}},"20":{"start":{"line":33,"column":25},"end":{"line":37,"column":1}},"21":{"start":{"line":34,"column":19},"end":{"line":34,"column":80}},"22":{"start":{"line":35,"column":22},"end":{"line":35,"column":60}},"23":{"start":{"line":36,"column":4},"end":{"line":36,"column":19}}},"fnMap":{"0":{"name":"(anonymous_0)","decl":{"start":{"line":3,"column":24},"end":{"line":3,"column":29}},"loc":{"start":{"line":3,"column":36},"end":{"line":7,"column":1}},"line":3},"1":{"name":"(anonymous_1)","decl":{"start":{"line":9,"column":23},"end":{"line":9,"column":28}},"loc":{"start":{"line":9,"column":63},"end":{"line":13,"column":1}},"line":9},"2":{"name":"(anonymous_2)","decl":{"start":{"line":15,"column":26},"end":{"line":15,"column":31}},"loc":{"start":{"line":15,"column":40},"end":{"line":19,"column":1}},"line":15},"3":{"name":"(anonymous_3)","decl":{"start":{"line":21,"column":26},"end":{"line":21,"column":31}},"loc":{"start":{"line":21,"column":76},"end":{"line":25,"column":1}},"line":21},"4":{"name":"(anonymous_4)","decl":{"start":{"line":27,"column":27},"end":{"line":27,"column":32}},"loc":{"start":{"line":27,"column":41},"end":{"line":31,"column":1}},"line":27},"5":{"name":"(anonymous_5)","decl":{"start":{"line":33,"column":25},"end":{"line":33,"column":30}},"loc":{"start":{"line":33,"column":42},"end":{"line":37,"column":1}},"line":33}},"branchMap":{},"s":{"0":2,"1":0,"2":0,"3":0,"4":2,"5":0,"6":0,"7":0,"8":2,"9":0,"10":0,"11":0,"12":2,"13":0,"14":0,"15":0,"16":2,"17":2,"18":2,"19":2,"20":2,"21":3,"22":3,"23":3},"f":{"0":0,"1":0,"2":0,"3":0,"4":2,"5":3},"b":{},"meta":{"lastBranch":0,"lastFunction":6,"lastStatement":24,"seen":{"s:3:24:7:1":0,"f:3:24:3:29":0,"s:4:19:4:67":1,"s:5:22:5:51":2,"s:6:4:6:19":3,"s:9:23:13:1":4,"f:9:23:9:28":1,"s:10:19:10:89":5,"s:11:21:11:82":6,"s:12:4:12:18":7,"s:15:26:19:1":8,"f:15:26:15:31":2,"s:16:20:16:52":9,"s:17:21:17:57":10,"s:18:4:18:18":11,"s:21:26:25:1":12,"f:21:26:21:31":3,"s:22:19:22:105":13,"s:23:21:23:92":14,"s:24:4:24:18":15,"s:27:27:31:1":16,"f:27:27:27:32":4,"s:28:19:28:80":17,"s:29:22:29:57":18,"s:30:4:30:19":19,"s:33:25:37:1":20,"f:33:25:33:30":5,"s:34:19:34:80":21,"s:35:22:35:60":22,"s:36:4:36:19":23}}}
,"C:\\Users\\pierr\\Desktop\\gestion\\back\\routes\\usersRoute.js": {"path":"C:\\Users\\pierr\\Desktop\\gestion\\back\\routes\\usersRoute.js","statementMap":{"0":{"start":{"line":5,"column":15},"end":{"line":5,"column":31}},"1":{"start":{"line":7,"column":0},"end":{"line":7,"column":60}},"2":{"start":{"line":8,"column":0},"end":{"line":8,"column":48}},"3":{"start":{"line":9,"column":0},"end":{"line":9,"column":72}},"4":{"start":{"line":10,"column":0},"end":{"line":10,"column":69}},"5":{"start":{"line":11,"column":0},"end":{"line":11,"column":71}},"6":{"start":{"line":12,"column":0},"end":{"line":12,"column":48}}},"fnMap":{},"branchMap":{},"s":{"0":1,"1":1,"2":1,"3":1,"4":1,"5":1,"6":1},"f":{},"b":{},"meta":{"lastBranch":0,"lastFunction":0,"lastStatement":7,"seen":{"s:5:15:5:31":0,"s:7:0:7:60":1,"s:8:0:8:48":2,"s:9:0:9:72":3,"s:10:0:10:69":4,"s:11:0:11:71":5,"s:12:0:12:48":6}}}
}
